<?xml version="1.0" encoding="UTF-8"?>
<!-- Generated by org.testng.reporters.JUnitXMLReporter -->
<testsuite hostname="user-PC" ignored="0" name="Default test" tests="3" failures="0" timestamp="2020-09-18T19:45:57 IST" time="140.98" errors="0">
  <testcase name="method2" time="44.05" classname="tests.TestwithDataprovider"/>
  <testcase name="method2" time="24.608" classname="tests.TestwithDataprovider"/>
  <testcase name="method2" time="72.262" classname="tests.TestwithDataprovider"/>
</testsuite> <!-- Default test -->
